{
"/home/beast/Projects/nunjucks-highlight/lib/index.js":{"path":"/home/beast/Projects/nunjucks-highlight/lib/index.js","s":{"1":1,"2":2,"3":2,"4":6,"5":6,"6":6,"7":6,"8":0,"9":6,"10":6,"11":6,"12":6,"13":2,"14":4,"15":4,"16":4,"17":4,"18":0,"19":0,"20":0,"21":0,"22":0,"23":0,"24":0,"25":0,"26":0,"27":0,"28":0,"29":4,"30":4,"31":3,"32":3,"33":3,"34":0,"35":0,"36":0,"37":3},"b":{"1":[0,6],"2":[0,4],"3":[0,0],"4":[0,0],"5":[0,0],"6":[0,0],"7":[3,0],"8":[0,3]},"f":{"1":2,"2":6,"3":4,"4":0},"fnMap":{"1":{"name":"NunjucksCodeHighlight","line":1,"loc":{"start":{"line":1,"column":17},"end":{"line":1,"column":64}}},"2":{"name":"(anonymous_2)","line":4,"loc":{"start":{"line":4,"column":17},"end":{"line":4,"column":48}}},"3":{"name":"(anonymous_3)","line":38,"loc":{"start":{"line":38,"column":20},"end":{"line":38,"column":58}}},"4":{"name":"(anonymous_4)","line":46,"loc":{"start":{"line":46,"column":24},"end":{"line":46,"column":42}}}},"statementMap":{"1":{"start":{"line":1,"column":0},"end":{"line":83,"column":2}},"2":{"start":{"line":2,"column":4},"end":{"line":2,"column":25}},"3":{"start":{"line":4,"column":4},"end":{"line":28,"column":6}},"4":{"start":{"line":6,"column":8},"end":{"line":6,"column":37}},"5":{"start":{"line":10,"column":8},"end":{"line":10,"column":53}},"6":{"start":{"line":11,"column":8},"end":{"line":11,"column":47}},"7":{"start":{"line":14,"column":8},"end":{"line":15,"column":64}},"8":{"start":{"line":15,"column":10},"end":{"line":15,"column":64}},"9":{"start":{"line":18,"column":8},"end":{"line":18,"column":54}},"10":{"start":{"line":22,"column":8},"end":{"line":22,"column":123}},"11":{"start":{"line":24,"column":8},"end":{"line":24,"column":38}},"12":{"start":{"line":27,"column":8},"end":{"line":27,"column":82}},"13":{"start":{"line":38,"column":4},"end":{"line":82,"column":6}},"14":{"start":{"line":40,"column":6},"end":{"line":40,"column":24}},"15":{"start":{"line":41,"column":6},"end":{"line":41,"column":33}},"16":{"start":{"line":42,"column":6},"end":{"line":42,"column":32}},"17":{"start":{"line":44,"column":6},"end":{"line":63,"column":7}},"18":{"start":{"line":45,"column":8},"end":{"line":45,"column":35}},"19":{"start":{"line":46,"column":8},"end":{"line":53,"column":11}},"20":{"start":{"line":47,"column":10},"end":{"line":47,"column":52}},"21":{"start":{"line":48,"column":10},"end":{"line":52,"column":11}},"22":{"start":{"line":49,"column":12},"end":{"line":49,"column":40}},"23":{"start":{"line":51,"column":12},"end":{"line":51,"column":24}},"24":{"start":{"line":56,"column":8},"end":{"line":57,"column":31}},"25":{"start":{"line":57,"column":10},"end":{"line":57,"column":31}},"26":{"start":{"line":58,"column":8},"end":{"line":59,"column":48}},"27":{"start":{"line":59,"column":10},"end":{"line":59,"column":48}},"28":{"start":{"line":61,"column":8},"end":{"line":61,"column":31}},"29":{"start":{"line":67,"column":6},"end":{"line":67,"column":43}},"30":{"start":{"line":70,"column":6},"end":{"line":70,"column":49}},"31":{"start":{"line":71,"column":6},"end":{"line":78,"column":7}},"32":{"start":{"line":72,"column":8},"end":{"line":72,"column":57}},"33":{"start":{"line":73,"column":8},"end":{"line":77,"column":9}},"34":{"start":{"line":74,"column":10},"end":{"line":74,"column":37}},"35":{"start":{"line":75,"column":10},"end":{"line":75,"column":54}},"36":{"start":{"line":76,"column":10},"end":{"line":76,"column":51}},"37":{"start":{"line":80,"column":6},"end":{"line":80,"column":100}}},"branchMap":{"1":{"line":14,"type":"if","locations":[{"start":{"line":14,"column":8},"end":{"line":14,"column":8}},{"start":{"line":14,"column":8},"end":{"line":14,"column":8}}]},"2":{"line":44,"type":"if","locations":[{"start":{"line":44,"column":6},"end":{"line":44,"column":6}},{"start":{"line":44,"column":6},"end":{"line":44,"column":6}}]},"3":{"line":48,"type":"if","locations":[{"start":{"line":48,"column":10},"end":{"line":48,"column":10}},{"start":{"line":48,"column":10},"end":{"line":48,"column":10}}]},"4":{"line":48,"type":"binary-expr","locations":[{"start":{"line":48,"column":14},"end":{"line":48,"column":25}},{"start":{"line":48,"column":29},"end":{"line":48,"column":62}}]},"5":{"line":56,"type":"if","locations":[{"start":{"line":56,"column":8},"end":{"line":56,"column":8}},{"start":{"line":56,"column":8},"end":{"line":56,"column":8}}]},"6":{"line":58,"type":"if","locations":[{"start":{"line":58,"column":8},"end":{"line":58,"column":8}},{"start":{"line":58,"column":8},"end":{"line":58,"column":8}}]},"7":{"line":71,"type":"if","locations":[{"start":{"line":71,"column":6},"end":{"line":71,"column":6}},{"start":{"line":71,"column":6},"end":{"line":71,"column":6}}]},"8":{"line":73,"type":"if","locations":[{"start":{"line":73,"column":8},"end":{"line":73,"column":8}},{"start":{"line":73,"column":8},"end":{"line":73,"column":8}}]}},"l":{"1":1,"2":2,"4":2,"6":6,"10":6,"11":6,"14":6,"15":0,"18":6,"22":6,"24":6,"27":6,"38":2,"40":4,"41":4,"42":4,"44":4,"45":0,"46":0,"47":0,"48":0,"49":0,"51":0,"56":0,"57":0,"58":0,"59":0,"61":0,"67":4,"70":4,"71":3,"72":3,"73":3,"74":0,"75":0,"76":0,"80":3}}}
