{
"/home/ryan/Projects/nunjucks-highlight/lib/index.js":{"path":"/home/ryan/Projects/nunjucks-highlight/lib/index.js","s":{"1":1,"2":2,"3":2,"4":6,"5":6,"6":6,"7":6,"8":6,"9":6,"10":2,"11":4,"12":4,"13":4,"14":3,"15":3,"16":3,"17":3,"18":1,"19":1,"20":3},"b":{},"f":{"1":2,"2":6,"3":4},"fnMap":{"1":{"name":"NunjucksCodeHighlight","line":1,"loc":{"start":{"line":1,"column":17},"end":{"line":1,"column":64}}},"2":{"name":"(anonymous_2)","line":4,"loc":{"start":{"line":4,"column":17},"end":{"line":4,"column":41}}},"3":{"name":"(anonymous_3)","line":22,"loc":{"start":{"line":22,"column":15},"end":{"line":22,"column":39}}}},"statementMap":{"1":{"start":{"line":1,"column":0},"end":{"line":36,"column":2}},"2":{"start":{"line":2,"column":4},"end":{"line":2,"column":25}},"3":{"start":{"line":4,"column":4},"end":{"line":20,"column":6}},"4":{"start":{"line":6,"column":8},"end":{"line":6,"column":37}},"5":{"start":{"line":10,"column":8},"end":{"line":10,"column":53}},"6":{"start":{"line":11,"column":8},"end":{"line":11,"column":47}},"7":{"start":{"line":14,"column":8},"end":{"line":14,"column":54}},"8":{"start":{"line":16,"column":8},"end":{"line":16,"column":38}},"9":{"start":{"line":19,"column":8},"end":{"line":19,"column":66}},"10":{"start":{"line":22,"column":4},"end":{"line":35,"column":6}},"11":{"start":{"line":23,"column":8},"end":{"line":23,"column":28}},"12":{"start":{"line":24,"column":8},"end":{"line":33,"column":9}},"13":{"start":{"line":25,"column":12},"end":{"line":25,"column":63}},"14":{"start":{"line":26,"column":12},"end":{"line":26,"column":40}},"15":{"start":{"line":27,"column":12},"end":{"line":27,"column":39}},"16":{"start":{"line":28,"column":12},"end":{"line":28,"column":42}},"17":{"start":{"line":29,"column":12},"end":{"line":29,"column":69}},"18":{"start":{"line":31,"column":12},"end":{"line":31,"column":35}},"19":{"start":{"line":32,"column":12},"end":{"line":32,"column":64}},"20":{"start":{"line":34,"column":8},"end":{"line":34,"column":26}}},"branchMap":{},"l":{"1":1,"2":2,"4":2,"6":6,"10":6,"11":6,"14":6,"16":6,"19":6,"22":2,"23":4,"24":4,"25":4,"26":3,"27":3,"28":3,"29":3,"31":1,"32":1,"34":3}}}
