TN:
SF:/home/beast/Projects/nunjucks-highlight/lib/index.js
FN:1,NunjucksCodeHighlight
FN:4,(anonymous_2)
FN:38,(anonymous_3)
FN:46,(anonymous_4)
FNF:4
FNH:3
FNDA:2,NunjucksCodeHighlight
FNDA:6,(anonymous_2)
FNDA:4,(anonymous_3)
FNDA:0,(anonymous_4)
DA:1,1
DA:2,2
DA:4,2
DA:6,6
DA:10,6
DA:11,6
DA:14,6
DA:15,0
DA:18,6
DA:22,6
DA:24,6
DA:27,6
DA:38,2
DA:40,4
DA:41,4
DA:42,4
DA:44,4
DA:45,0
DA:46,0
DA:47,0
DA:48,0
DA:49,0
DA:51,0
DA:56,0
DA:57,0
DA:58,0
DA:59,0
DA:61,0
DA:67,4
DA:70,4
DA:71,3
DA:72,3
DA:73,3
DA:74,0
DA:75,0
DA:76,0
DA:80,3
LF:37
LH:22
BRDA:14,1,0,0
BRDA:14,1,1,6
BRDA:44,2,0,0
BRDA:44,2,1,4
BRDA:48,3,0,0
BRDA:48,3,1,0
BRDA:48,4,0,0
BRDA:48,4,1,0
BRDA:56,5,0,0
BRDA:56,5,1,0
BRDA:58,6,0,0
BRDA:58,6,1,0
BRDA:71,7,0,3
BRDA:71,7,1,0
BRDA:73,8,0,0
BRDA:73,8,1,3
BRF:16
BRH:4
end_of_record
